<?xml version="1.0" encoding="UTF-8"?>
<!-- Generated by org.testng.reporters.JUnitXMLReporter -->
<testsuite ignored="0" hostname="DESKTOP-3SHOLN6" failures="0" tests="3" name="Test" time="0.076" errors="0" timestamp="2022-06-17T12:21:38 NPT">
  <testcase classname="com.base.BaseClass" name="@BeforeSuite beforeSuite" time="0.331">
    <failure type="java.lang.IllegalAccessError" message="class com.base.BaseClass (in unnamed module @0x2c9f9fb0) cannot access class jdk.internal.org.jline.utils.Log (in module jdk.internal.le) because module jdk.internal.le does not export jdk.internal.org.jline.utils to unnamed module @0x2c9f9fb0">
      <![CDATA[java.lang.IllegalAccessError: class com.base.BaseClass (in unnamed module @0x2c9f9fb0) cannot access class jdk.internal.org.jline.utils.Log (in module jdk.internal.le) because module jdk.internal.le does not export jdk.internal.org.jline.utils to unnamed module @0x2c9f9fb0
at com.base.BaseClass.beforeSuite(BaseClass.java:16)
... Removed 19 stack frames]]>
    </failure>
  </testcase> <!-- @BeforeSuite beforeSuite -->
  <testcase classname="com.test.TestClass1" name="test1" time="0.0">
    <skipped/>
  </testcase> <!-- test1 -->
  <testcase classname="com.test.TestClass1" name="test2" time="0.0">
    <skipped/>
  </testcase> <!-- test2 -->
  <testcase classname="com.test.TestClass1" name="test3" time="0.0">
    <skipped/>
  </testcase> <!-- test3 -->
</testsuite> <!-- Test -->
