<?xml version="1.0" encoding="UTF-8"?>
<testng-results ignored="0" total="3" passed="3" failed="0" skipped="0">
  <reporter-output>
  </reporter-output>
  <suite started-at="2022-06-17T12:25:03 NPT" name="Default suite" finished-at="2022-06-17T12:25:03 NPT" duration-ms="141">
    <groups>
    </groups>
    <test started-at="2022-06-17T12:25:03 NPT" name="Default test" finished-at="2022-06-17T12:25:03 NPT" duration-ms="141">
      <class name="com.test.TestClass1">
        <test-method signature="test1()[pri:0, instance:com.test.TestClass1@1e04fa0a]" started-at="2022-06-17T12:25:03 NPT" name="test1" finished-at="2022-06-17T12:25:03 NPT" duration-ms="63" status="PASS">
          <reporter-output>
          </reporter-output>
        </test-method> <!-- test1 -->
        <test-method signature="test2()[pri:0, instance:com.test.TestClass1@1e04fa0a]" started-at="2022-06-17T12:25:03 NPT" name="test2" finished-at="2022-06-17T12:25:03 NPT" duration-ms="3" status="PASS">
          <reporter-output>
          </reporter-output>
        </test-method> <!-- test2 -->
        <test-method signature="test3()[pri:0, instance:com.test.TestClass1@1e04fa0a]" started-at="2022-06-17T12:25:03 NPT" name="test3" finished-at="2022-06-17T12:25:03 NPT" duration-ms="4" status="PASS">
          <reporter-output>
          </reporter-output>
        </test-method> <!-- test3 -->
      </class> <!-- com.test.TestClass1 -->
    </test> <!-- Default test -->
  </suite> <!-- Default suite -->
</testng-results>
